Arguments: 
  /Users/apple/.nvm/versions/node/v12.6.0/bin/node /Users/apple/.nvm/versions/node/v12.6.0/bin/yarn add iziToast

PATH: 
  /usr/local/opt/sqlite/bin:/usr/local/opt/libxml2/bin:/usr/local/mongodb/bin:/usr/local/flutter/bin:/Users/apple/.nvm/versions/node/v12.6.0/bin:/usr/local/opt/inetutils/libexec/gnubin:/Library/Frameworks/Python.framework/Versions/3.7/bin/:/opt/local/bin:/opt/local/sbin:/Users/apple/.oh-my-zsh/custom/plugins/git-open:/usr/local/bin:/usr/bin:/bin:/usr/sbin:/sbin:/Library/TeX/texbin:/usr/local/aria2/bin:/Library/Apple/usr/bin:/usr/local/opt/sqlite/bin:/usr/local/opt/libxml2/bin:/usr/local/mongodb/bin:/usr/local/flutter/bin:/Users/apple/.nvm/versions/node/v12.6.0/bin:/usr/local/opt/inetutils/libexec/gnubin:/Library/Frameworks/Python.framework/Versions/3.7/bin/:/opt/local/bin:/opt/local/sbin:/Users/apple/.oh-my-zsh/custom/plugins/git-open:/usr/local/bin/:/Users/apple/.pub-cache/bin:/usr/local/bin/:/Users/apple/.pub-cache/bin

Yarn version: 
  1.22.4

Node version: 
  12.6.0

Platform: 
  darwin x64

Trace: 
  Error: https://registry.npm.taobao.org/iziToast: Not found
      at Request.params.callback [as _callback] (/Users/apple/.nvm/versions/node/v12.6.0/lib/node_modules/yarn/lib/cli.js:66987:18)
      at Request.self.callback (/Users/apple/.nvm/versions/node/v12.6.0/lib/node_modules/yarn/lib/cli.js:140748:22)
      at Request.emit (events.js:203:13)
      at Request.<anonymous> (/Users/apple/.nvm/versions/node/v12.6.0/lib/node_modules/yarn/lib/cli.js:141720:10)
      at Request.emit (events.js:203:13)
      at IncomingMessage.<anonymous> (/Users/apple/.nvm/versions/node/v12.6.0/lib/node_modules/yarn/lib/cli.js:141642:12)
      at Object.onceWrapper (events.js:291:20)
      at IncomingMessage.emit (events.js:208:15)
      at endReadableNT (_stream_readable.js:1154:12)
      at processTicksAndRejections (internal/process/task_queues.js:77:11)

npm manifest: 
  {
    "name": "roam-enhance",
    "version": "1.0.0",
    "description": "",
    "main": "main.js",
    "scripts": {
      "build": "rm -rf dist && rollup -c"
    },
    "keywords": [],
    "author": "",
    "license": "ISC",
    "devDependencies": {
      "@rollup/plugin-commonjs": "^17.1.0",
      "@rollup/plugin-node-resolve": "^11.2.0",
      "@rollup/plugin-replace": "^2.4.1",
      "@rollup/plugin-typescript": "^8.2.0",
      "@types/react": "^17.0.2",
      "rollup": "^2.39.1",
      "rollup-plugin-import-css": "^2.0.0",
      "rollup-plugin-uglify": "^6.0.4",
      "tslib": "^2.1.0",
      "typescript": "^4.2.2"
    },
    "dependencies": {
      "react": "^17.0.1"
    }
  }

yarn manifest: 
  No manifest

Lockfile: 
  # THIS IS AN AUTOGENERATED FILE. DO NOT EDIT THIS FILE DIRECTLY.
  # yarn lockfile v1
  
  
  "@babel/code-frame@^7.0.0":
    version "7.12.13"
    resolved "https://registry.npm.taobao.org/@babel/code-frame/download/@babel/code-frame-7.12.13.tgz#dcfc826beef65e75c50e21d3837d7d95798dd658"
    integrity sha1-3PyCa+72XnXFDiHTg319lXmN1lg=
    dependencies:
      "@babel/highlight" "^7.12.13"
  
  "@babel/helper-validator-identifier@^7.12.11":
    version "7.12.11"
    resolved "https://registry.npm.taobao.org/@babel/helper-validator-identifier/download/@babel/helper-validator-identifier-7.12.11.tgz#c9a1f021917dcb5ccf0d4e453e399022981fc9ed"
    integrity sha1-yaHwIZF9y1zPDU5FPjmQIpgfye0=
  
  "@babel/highlight@^7.12.13":
    version "7.12.13"
    resolved "https://registry.npm.taobao.org/@babel/highlight/download/@babel/highlight-7.12.13.tgz?cache=0&sync_timestamp=1612314637066&other_urls=https%3A%2F%2Fregistry.npm.taobao.org%2F%40babel%2Fhighlight%2Fdownload%2F%40babel%2Fhighlight-7.12.13.tgz#8ab538393e00370b26271b01fa08f7f27f2e795c"
    integrity sha1-irU4OT4ANwsmJxsB+gj38n8ueVw=
    dependencies:
      "@babel/helper-validator-identifier" "^7.12.11"
      chalk "^2.0.0"
      js-tokens "^4.0.0"
  
  "@rollup/plugin-commonjs@^17.1.0":
    version "17.1.0"
    resolved "https://registry.npm.taobao.org/@rollup/plugin-commonjs/download/@rollup/plugin-commonjs-17.1.0.tgz?cache=0&sync_timestamp=1612166277459&other_urls=https%3A%2F%2Fregistry.npm.taobao.org%2F%40rollup%2Fplugin-commonjs%2Fdownload%2F%40rollup%2Fplugin-commonjs-17.1.0.tgz#757ec88737dffa8aa913eb392fade2e45aef2a2d"
    integrity sha1-dX7Ihzff+oqpE+s5L63i5FrvKi0=
    dependencies:
      "@rollup/pluginutils" "^3.1.0"
      commondir "^1.0.1"
      estree-walker "^2.0.1"
      glob "^7.1.6"
      is-reference "^1.2.1"
      magic-string "^0.25.7"
      resolve "^1.17.0"
  
  "@rollup/plugin-node-resolve@^11.2.0":
    version "11.2.0"
    resolved "https://registry.npm.taobao.org/@rollup/plugin-node-resolve/download/@rollup/plugin-node-resolve-11.2.0.tgz#a5ab88c35bb7622d115f44984dee305112b6f714"
    integrity sha1-pauIw1u3Yi0RX0SYTe4wURK29xQ=
    dependencies:
      "@rollup/pluginutils" "^3.1.0"
      "@types/resolve" "1.17.1"
      builtin-modules "^3.1.0"
      deepmerge "^4.2.2"
      is-module "^1.0.0"
      resolve "^1.19.0"
  
  "@rollup/plugin-replace@^2.4.1":
    version "2.4.1"
    resolved "https://registry.npm.taobao.org/@rollup/plugin-replace/download/@rollup/plugin-replace-2.4.1.tgz?cache=0&sync_timestamp=1614016838505&other_urls=https%3A%2F%2Fregistry.npm.taobao.org%2F%40rollup%2Fplugin-replace%2Fdownload%2F%40rollup%2Fplugin-replace-2.4.1.tgz#c411b5ab72809fb1bfc8b487d8d02eef661460d3"
    integrity sha1-xBG1q3KAn7G/yLSH2NAu72YUYNM=
    dependencies:
      "@rollup/pluginutils" "^3.1.0"
      magic-string "^0.25.7"
  
  "@rollup/plugin-typescript@^8.2.0":
    version "8.2.0"
    resolved "https://registry.npm.taobao.org/@rollup/plugin-typescript/download/@rollup/plugin-typescript-8.2.0.tgz#3e2059cbcae916785d8d7bf07816210c829f817c"
    integrity sha1-PiBZy8rpFnhdjXvweBYhDIKfgXw=
    dependencies:
      "@rollup/pluginutils" "^3.1.0"
      resolve "^1.17.0"
  
  "@rollup/pluginutils@^3.1.0":
    version "3.1.0"
    resolved "https://registry.npm.taobao.org/@rollup/pluginutils/download/@rollup/pluginutils-3.1.0.tgz?cache=0&sync_timestamp=1603765619888&other_urls=https%3A%2F%2Fregistry.npm.taobao.org%2F%40rollup%2Fpluginutils%2Fdownload%2F%40rollup%2Fpluginutils-3.1.0.tgz#706b4524ee6dc8b103b3c995533e5ad680c02b9b"
    integrity sha1-cGtFJO5tyLEDs8mVUz5a1oDAK5s=
    dependencies:
      "@types/estree" "0.0.39"
      estree-walker "^1.0.1"
      picomatch "^2.2.2"
  
  "@types/estree@*":
    version "0.0.46"
    resolved "https://registry.npm.taobao.org/@types/estree/download/@types/estree-0.0.46.tgz#0fb6bfbbeabd7a30880504993369c4bf1deab1fe"
    integrity sha1-D7a/u+q9ejCIBQSZM2nEvx3qsf4=
  
  "@types/estree@0.0.39":
    version "0.0.39"
    resolved "https://registry.npm.taobao.org/@types/estree/download/@types/estree-0.0.39.tgz?cache=0&sync_timestamp=1613378441359&other_urls=https%3A%2F%2Fregistry.npm.taobao.org%2F%40types%2Festree%2Fdownload%2F%40types%2Festree-0.0.39.tgz#e177e699ee1b8c22d23174caaa7422644389509f"
    integrity sha1-4Xfmme4bjCLSMXTKqnQiZEOJUJ8=
  
  "@types/node@*":
    version "14.14.31"
    resolved "https://registry.npm.taobao.org/@types/node/download/@types/node-14.14.31.tgz#72286bd33d137aa0d152d47ec7c1762563d34055"
    integrity sha1-cihr0z0TeqDRUtR+x8F2JWPTQFU=
  
  "@types/prop-types@*":
    version "15.7.3"
    resolved "https://registry.npm.taobao.org/@types/prop-types/download/@types/prop-types-15.7.3.tgz#2ab0d5da2e5815f94b0b9d4b95d1e5f243ab2ca7"
    integrity sha1-KrDV2i5YFflLC51LldHl8kOrLKc=
  
  "@types/react@^17.0.2":
    version "17.0.2"
    resolved "https://registry.npm.taobao.org/@types/react/download/@types/react-17.0.2.tgz?cache=0&sync_timestamp=1613153049743&other_urls=https%3A%2F%2Fregistry.npm.taobao.org%2F%40types%2Freact%2Fdownload%2F%40types%2Freact-17.0.2.tgz#3de24c4efef902dd9795a49c75f760cbe4f7a5a8"
    integrity sha1-PeJMTv75At2XlaScdfdgy+T3pag=
    dependencies:
      "@types/prop-types" "*"
      csstype "^3.0.2"
  
  "@types/resolve@1.17.1":
    version "1.17.1"
    resolved "https://registry.npm.taobao.org/@types/resolve/download/@types/resolve-1.17.1.tgz#3afd6ad8967c77e4376c598a82ddd58f46ec45d6"
    integrity sha1-Ov1q2JZ8d+Q3bFmKgt3Vj0bsRdY=
    dependencies:
      "@types/node" "*"
  
  ansi-styles@^3.2.1:
    version "3.2.1"
    resolved "https://registry.npm.taobao.org/ansi-styles/download/ansi-styles-3.2.1.tgz#41fbb20243e50b12be0f04b8dedbf07520ce841d"
    integrity sha1-QfuyAkPlCxK+DwS43tvwdSDOhB0=
    dependencies:
      color-convert "^1.9.0"
  
  balanced-match@^1.0.0:
    version "1.0.0"
    resolved "https://registry.npm.taobao.org/balanced-match/download/balanced-match-1.0.0.tgz#89b4d199ab2bee49de164ea02b89ce462d71b767"
    integrity sha1-ibTRmasr7kneFk6gK4nORi1xt2c=
  
  brace-expansion@^1.1.7:
    version "1.1.11"
    resolved "https://registry.npm.taobao.org/brace-expansion/download/brace-expansion-1.1.11.tgz#3c7fcbf529d87226f3d2f52b966ff5271eb441dd"
    integrity sha1-PH/L9SnYcibz0vUrlm/1Jx60Qd0=
    dependencies:
      balanced-match "^1.0.0"
      concat-map "0.0.1"
  
  builtin-modules@^3.1.0:
    version "3.2.0"
    resolved "https://registry.npm.taobao.org/builtin-modules/download/builtin-modules-3.2.0.tgz?cache=0&sync_timestamp=1608615074813&other_urls=https%3A%2F%2Fregistry.npm.taobao.org%2Fbuiltin-modules%2Fdownload%2Fbuiltin-modules-3.2.0.tgz#45d5db99e7ee5e6bc4f362e008bf917ab5049887"
    integrity sha1-RdXbmefuXmvE82LgCL+RerUEmIc=
  
  chalk@^2.0.0:
    version "2.4.2"
    resolved "https://registry.npm.taobao.org/chalk/download/chalk-2.4.2.tgz?cache=0&sync_timestamp=1592843133653&other_urls=https%3A%2F%2Fregistry.npm.taobao.org%2Fchalk%2Fdownload%2Fchalk-2.4.2.tgz#cd42541677a54333cf541a49108c1432b44c9424"
    integrity sha1-zUJUFnelQzPPVBpJEIwUMrRMlCQ=
    dependencies:
      ansi-styles "^3.2.1"
      escape-string-regexp "^1.0.5"
      supports-color "^5.3.0"
  
  color-convert@^1.9.0:
    version "1.9.3"
    resolved "https://registry.npm.taobao.org/color-convert/download/color-convert-1.9.3.tgz#bb71850690e1f136567de629d2d5471deda4c1e8"
    integrity sha1-u3GFBpDh8TZWfeYp0tVHHe2kweg=
    dependencies:
      color-name "1.1.3"
  
  color-name@1.1.3:
    version "1.1.3"
    resolved "https://registry.npm.taobao.org/color-name/download/color-name-1.1.3.tgz#a7d0558bd89c42f795dd42328f740831ca53bc25"
    integrity sha1-p9BVi9icQveV3UIyj3QIMcpTvCU=
  
  commondir@^1.0.1:
    version "1.0.1"
    resolved "https://registry.npm.taobao.org/commondir/download/commondir-1.0.1.tgz#ddd800da0c66127393cca5950ea968a3aaf1253b"
    integrity sha1-3dgA2gxmEnOTzKWVDqloo6rxJTs=
  
  concat-map@0.0.1:
    version "0.0.1"
    resolved "https://registry.npm.taobao.org/concat-map/download/concat-map-0.0.1.tgz#d8a96bd77fd68df7793a73036a3ba0d5405d477b"
    integrity sha1-2Klr13/Wjfd5OnMDajug1UBdR3s=
  
  csstype@^3.0.2:
    version "3.0.7"
    resolved "https://registry.npm.taobao.org/csstype/download/csstype-3.0.7.tgz?cache=0&sync_timestamp=1614159662633&other_urls=https%3A%2F%2Fregistry.npm.taobao.org%2Fcsstype%2Fdownload%2Fcsstype-3.0.7.tgz#2a5fb75e1015e84dd15692f71e89a1450290950b"
    integrity sha1-Kl+3XhAV6E3RVpL3HomhRQKQlQs=
  
  deepmerge@^4.2.2:
    version "4.2.2"
    resolved "https://registry.npm.taobao.org/deepmerge/download/deepmerge-4.2.2.tgz#44d2ea3679b8f4d4ffba33f03d865fc1e7bf4955"
    integrity sha1-RNLqNnm49NT/ujPwPYZfwee/SVU=
  
  escape-string-regexp@^1.0.5:
    version "1.0.5"
    resolved "https://registry.npm.taobao.org/escape-string-regexp/download/escape-string-regexp-1.0.5.tgz#1b61c0562190a8dff6ae3bb2cf0200ca130b86d4"
    integrity sha1-G2HAViGQqN/2rjuyzwIAyhMLhtQ=
  
  estree-walker@^1.0.1:
    version "1.0.1"
    resolved "https://registry.npm.taobao.org/estree-walker/download/estree-walker-1.0.1.tgz#31bc5d612c96b704106b477e6dd5d8aa138cb700"
    integrity sha1-MbxdYSyWtwQQa0d+bdXYqhOMtwA=
  
  estree-walker@^2.0.1:
    version "2.0.2"
    resolved "https://registry.npm.taobao.org/estree-walker/download/estree-walker-2.0.2.tgz#52f010178c2a4c117a7757cfe942adb7d2da4cac"
    integrity sha1-UvAQF4wqTBF6d1fP6UKtt9LaTKw=
  
  fs.realpath@^1.0.0:
    version "1.0.0"
    resolved "https://registry.npm.taobao.org/fs.realpath/download/fs.realpath-1.0.0.tgz#1504ad2523158caa40db4a2787cb01411994ea4f"
    integrity sha1-FQStJSMVjKpA20onh8sBQRmU6k8=
  
  fsevents@~2.3.1:
    version "2.3.2"
    resolved "https://registry.npm.taobao.org/fsevents/download/fsevents-2.3.2.tgz?cache=0&sync_timestamp=1612536409579&other_urls=https%3A%2F%2Fregistry.npm.taobao.org%2Ffsevents%2Fdownload%2Ffsevents-2.3.2.tgz#8a526f78b8fdf4623b709e0b975c52c24c02fd1a"
    integrity sha1-ilJveLj99GI7cJ4Ll1xSwkwC/Ro=
  
  function-bind@^1.1.1:
    version "1.1.1"
    resolved "https://registry.npm.taobao.org/function-bind/download/function-bind-1.1.1.tgz#a56899d3ea3c9bab874bb9773b7c5ede92f4895d"
    integrity sha1-pWiZ0+o8m6uHS7l3O3xe3pL0iV0=
  
  glob@^7.1.6:
    version "7.1.6"
    resolved "https://registry.npm.taobao.org/glob/download/glob-7.1.6.tgz#141f33b81a7c2492e125594307480c46679278a6"
    integrity sha1-FB8zuBp8JJLhJVlDB0gMRmeSeKY=
    dependencies:
      fs.realpath "^1.0.0"
      inflight "^1.0.4"
      inherits "2"
      minimatch "^3.0.4"
      once "^1.3.0"
      path-is-absolute "^1.0.0"
  
  has-flag@^3.0.0:
    version "3.0.0"
    resolved "https://registry.npm.taobao.org/has-flag/download/has-flag-3.0.0.tgz?cache=0&sync_timestamp=1577797756584&other_urls=https%3A%2F%2Fregistry.npm.taobao.org%2Fhas-flag%2Fdownload%2Fhas-flag-3.0.0.tgz#b5d454dc2199ae225699f3467e5a07f3b955bafd"
    integrity sha1-tdRU3CGZriJWmfNGfloH87lVuv0=
  
  has@^1.0.3:
    version "1.0.3"
    resolved "https://registry.npm.taobao.org/has/download/has-1.0.3.tgz#722d7cbfc1f6aa8241f16dd814e011e1f41e8796"
    integrity sha1-ci18v8H2qoJB8W3YFOAR4fQeh5Y=
    dependencies:
      function-bind "^1.1.1"
  
  inflight@^1.0.4:
    version "1.0.6"
    resolved "https://registry.npm.taobao.org/inflight/download/inflight-1.0.6.tgz#49bd6331d7d02d0c09bc910a1075ba8165b56df9"
    integrity sha1-Sb1jMdfQLQwJvJEKEHW6gWW1bfk=
    dependencies:
      once "^1.3.0"
      wrappy "1"
  
  inherits@2:
    version "2.0.4"
    resolved "https://registry.npm.taobao.org/inherits/download/inherits-2.0.4.tgz#0fa2c64f932917c3433a0ded55363aae37416b7c"
    integrity sha1-D6LGT5MpF8NDOg3tVTY6rjdBa3w=
  
  is-core-module@^2.2.0:
    version "2.2.0"
    resolved "https://registry.npm.taobao.org/is-core-module/download/is-core-module-2.2.0.tgz?cache=0&sync_timestamp=1606413651726&other_urls=https%3A%2F%2Fregistry.npm.taobao.org%2Fis-core-module%2Fdownload%2Fis-core-module-2.2.0.tgz#97037ef3d52224d85163f5597b2b63d9afed981a"
    integrity sha1-lwN+89UiJNhRY/VZeytj2a/tmBo=
    dependencies:
      has "^1.0.3"
  
  is-module@^1.0.0:
    version "1.0.0"
    resolved "https://registry.npm.taobao.org/is-module/download/is-module-1.0.0.tgz#3258fb69f78c14d5b815d664336b4cffb6441591"
    integrity sha1-Mlj7afeMFNW4FdZkM2tM/7ZEFZE=
  
  is-reference@^1.2.1:
    version "1.2.1"
    resolved "https://registry.npm.taobao.org/is-reference/download/is-reference-1.2.1.tgz#8b2dac0b371f4bc994fdeaba9eb542d03002d0b7"
    integrity sha1-iy2sCzcfS8mU/eq6nrVC0DAC0Lc=
    dependencies:
      "@types/estree" "*"
  
  jest-worker@^24.0.0:
    version "24.9.0"
    resolved "https://registry.npm.taobao.org/jest-worker/download/jest-worker-24.9.0.tgz#5dbfdb5b2d322e98567898238a9697bcce67b3e5"
    integrity sha1-Xb/bWy0yLphWeJgjipaXvM5ns+U=
    dependencies:
      merge-stream "^2.0.0"
      supports-color "^6.1.0"
  
  "js-tokens@^3.0.0 || ^4.0.0", js-tokens@^4.0.0:
    version "4.0.0"
    resolved "https://registry.npm.taobao.org/js-tokens/download/js-tokens-4.0.0.tgz#19203fb59991df98e3a287050d4647cdeaf32499"
    integrity sha1-GSA/tZmR35jjoocFDUZHzerzJJk=
  
  loose-envify@^1.1.0:
    version "1.4.0"
    resolved "https://registry.npm.taobao.org/loose-envify/download/loose-envify-1.4.0.tgz#71ee51fa7be4caec1a63839f7e682d8132d30caf"
    integrity sha1-ce5R+nvkyuwaY4OffmgtgTLTDK8=
    dependencies:
      js-tokens "^3.0.0 || ^4.0.0"
  
  magic-string@^0.25.7:
    version "0.25.7"
    resolved "https://registry.npm.taobao.org/magic-string/download/magic-string-0.25.7.tgz#3f497d6fd34c669c6798dcb821f2ef31f5445051"
    integrity sha1-P0l9b9NMZpxnmNy4IfLvMfVEUFE=
    dependencies:
      sourcemap-codec "^1.4.4"
  
  merge-stream@^2.0.0:
    version "2.0.0"
    resolved "https://registry.npm.taobao.org/merge-stream/download/merge-stream-2.0.0.tgz#52823629a14dd00c9770fb6ad47dc6310f2c1f60"
    integrity sha1-UoI2KaFN0AyXcPtq1H3GMQ8sH2A=
  
  minimatch@^3.0.4:
    version "3.0.4"
    resolved "https://registry.npm.taobao.org/minimatch/download/minimatch-3.0.4.tgz#5166e286457f03306064be5497e8dbb0c3d32083"
    integrity sha1-UWbihkV/AzBgZL5Ul+jbsMPTIIM=
    dependencies:
      brace-expansion "^1.1.7"
  
  object-assign@^4.1.1:
    version "4.1.1"
    resolved "https://registry.npm.taobao.org/object-assign/download/object-assign-4.1.1.tgz#2109adc7965887cfc05cbbd442cac8bfbb360863"
    integrity sha1-IQmtx5ZYh8/AXLvUQsrIv7s2CGM=
  
  once@^1.3.0:
    version "1.4.0"
    resolved "https://registry.npm.taobao.org/once/download/once-1.4.0.tgz#583b1aa775961d4b113ac17d9c50baef9dd76bd1"
    integrity sha1-WDsap3WWHUsROsF9nFC6753Xa9E=
    dependencies:
      wrappy "1"
  
  path-is-absolute@^1.0.0:
    version "1.0.1"
    resolved "https://registry.npm.taobao.org/path-is-absolute/download/path-is-absolute-1.0.1.tgz#174b9268735534ffbc7ace6bf53a5a9e1b5c5f5f"
    integrity sha1-F0uSaHNVNP+8es5r9TpanhtcX18=
  
  path-parse@^1.0.6:
    version "1.0.6"
    resolved "https://registry.npm.taobao.org/path-parse/download/path-parse-1.0.6.tgz#d62dbb5679405d72c4737ec58600e9ddcf06d24c"
    integrity sha1-1i27VnlAXXLEc37FhgDp3c8G0kw=
  
  picomatch@^2.2.2:
    version "2.2.2"
    resolved "https://registry.npm.taobao.org/picomatch/download/picomatch-2.2.2.tgz#21f333e9b6b8eaff02468f5146ea406d345f4dad"
    integrity sha1-IfMz6ba46v8CRo9RRupAbTRfTa0=
  
  react@^17.0.1:
    version "17.0.1"
    resolved "https://registry.npm.taobao.org/react/download/react-17.0.1.tgz#6e0600416bd57574e3f86d92edba3d9008726127"
    integrity sha1-bgYAQWvVdXTj+G2S7bo9kAhyYSc=
    dependencies:
      loose-envify "^1.1.0"
      object-assign "^4.1.1"
  
  resolve@^1.17.0, resolve@^1.19.0:
    version "1.20.0"
    resolved "https://registry.npm.taobao.org/resolve/download/resolve-1.20.0.tgz#629a013fb3f70755d6f0b7935cc1c2c5378b1975"
    integrity sha1-YpoBP7P3B1XW8LeTXMHCxTeLGXU=
    dependencies:
      is-core-module "^2.2.0"
      path-parse "^1.0.6"
  
  rollup-plugin-import-css@^2.0.0:
    version "2.0.0"
    resolved "https://registry.npm.taobao.org/rollup-plugin-import-css/download/rollup-plugin-import-css-2.0.0.tgz#6d582402c08fb4d288b0a237a96949e5f45e9616"
    integrity sha1-bVgkAsCPtNKIsKI3qWlJ5fRelhY=
    dependencies:
      "@rollup/pluginutils" "^3.1.0"
  
  rollup-plugin-uglify@^6.0.4:
    version "6.0.4"
    resolved "https://registry.npm.taobao.org/rollup-plugin-uglify/download/rollup-plugin-uglify-6.0.4.tgz#65a0959d91586627f1e46a7db966fd504ec6c4e6"
    integrity sha1-ZaCVnZFYZifx5Gp9uWb9UE7GxOY=
    dependencies:
      "@babel/code-frame" "^7.0.0"
      jest-worker "^24.0.0"
      serialize-javascript "^2.1.2"
      uglify-js "^3.4.9"
  
  rollup@^2.39.1:
    version "2.39.1"
    resolved "https://registry.npm.taobao.org/rollup/download/rollup-2.39.1.tgz#7afd4cefd8a332c5102a8063d301fde1f31a9173"
    integrity sha1-ev1M79ijMsUQKoBj0wH94fMakXM=
    optionalDependencies:
      fsevents "~2.3.1"
  
  serialize-javascript@^2.1.2:
    version "2.1.2"
    resolved "https://registry.npm.taobao.org/serialize-javascript/download/serialize-javascript-2.1.2.tgz?cache=0&sync_timestamp=1599740668657&other_urls=https%3A%2F%2Fregistry.npm.taobao.org%2Fserialize-javascript%2Fdownload%2Fserialize-javascript-2.1.2.tgz#ecec53b0e0317bdc95ef76ab7074b7384785fa61"
    integrity sha1-7OxTsOAxe9yV73arcHS3OEeF+mE=
  
  sourcemap-codec@^1.4.4:
    version "1.4.8"
    resolved "https://registry.npm.taobao.org/sourcemap-codec/download/sourcemap-codec-1.4.8.tgz#ea804bd94857402e6992d05a38ef1ae35a9ab4c4"
    integrity sha1-6oBL2UhXQC5pktBaOO8a41qatMQ=
  
  supports-color@^5.3.0:
    version "5.5.0"
    resolved "https://registry.npm.taobao.org/supports-color/download/supports-color-5.5.0.tgz?cache=0&sync_timestamp=1611394023277&other_urls=https%3A%2F%2Fregistry.npm.taobao.org%2Fsupports-color%2Fdownload%2Fsupports-color-5.5.0.tgz#e2e69a44ac8772f78a1ec0b35b689df6530efc8f"
    integrity sha1-4uaaRKyHcveKHsCzW2id9lMO/I8=
    dependencies:
      has-flag "^3.0.0"
  
  supports-color@^6.1.0:
    version "6.1.0"
    resolved "https://registry.npm.taobao.org/supports-color/download/supports-color-6.1.0.tgz?cache=0&sync_timestamp=1611394023277&other_urls=https%3A%2F%2Fregistry.npm.taobao.org%2Fsupports-color%2Fdownload%2Fsupports-color-6.1.0.tgz#0764abc69c63d5ac842dd4867e8d025e880df8f3"
    integrity sha1-B2Srxpxj1ayELdSGfo0CXogN+PM=
    dependencies:
      has-flag "^3.0.0"
  
  tslib@^2.1.0:
    version "2.1.0"
    resolved "https://registry.npm.taobao.org/tslib/download/tslib-2.1.0.tgz?cache=0&sync_timestamp=1609887785854&other_urls=https%3A%2F%2Fregistry.npm.taobao.org%2Ftslib%2Fdownload%2Ftslib-2.1.0.tgz#da60860f1c2ecaa5703ab7d39bc05b6bf988b97a"
    integrity sha1-2mCGDxwuyqVwOrfTm8Bba/mIuXo=
  
  typescript@^4.2.2:
    version "4.2.2"
    resolved "https://registry.npm.taobao.org/typescript/download/typescript-4.2.2.tgz#1450f020618f872db0ea17317d16d8da8ddb8c4c"
    integrity sha1-FFDwIGGPhy2w6hcxfRbY2o3bjEw=
  
  uglify-js@^3.4.9:
    version "3.12.8"
    resolved "https://registry.npm.taobao.org/uglify-js/download/uglify-js-3.12.8.tgz#a82e6e53c9be14f7382de3d068ef1e26e7d4aaf8"
    integrity sha1-qC5uU8m+FPc4LePQaO8eJufUqvg=
  
  wrappy@1:
    version "1.0.2"
    resolved "https://registry.npm.taobao.org/wrappy/download/wrappy-1.0.2.tgz#b5243d8f3ec1aa35f1364605bc0d1036e30ab69f"
    integrity sha1-tSQ9jz7BqjXxNkYFvA0QNuMKtp8=
